<?xml version="1.0" encoding="UTF-8"?>
<!-- Generated by org.testng.reporters.JUnitXMLReporter -->
<testsuite ignored="0" hostname="LAPTOP-132OFLUE" failures="0" tests="6" name="Command line test" time="0.115" errors="0" timestamp="2021-08-27T09:32:49 IST">
  <testcase classname="qaclickacademy.AppiumTest" name="IOSApps" time="0.012"/>
  <testcase classname="qaclickacademy.AppiumTest" name="NativeAppAndroid" time="0.0"/>
  <testcase classname="qaclickacademy.RestAPITest" name="deleteTwitter" time="0.0"/>
  <testcase classname="qaclickacademy.RestAPITest" name="postjira" time="0.0"/>
  <testcase classname="qaclickacademy.SeleniumTest" name="BrowserAutomation" time="0.001"/>
  <testcase classname="qaclickacademy.SeleniumTest" name="elementsUI" time="0.0"/>
</testsuite> <!-- Command line test -->
