<?xml version="1.0" encoding="UTF-8"?>
<!-- Generated by org.testng.reporters.JUnitXMLReporter -->
<testsuite ignored="0" hostname="LAPTOP-132OFLUE" failures="0" tests="4" name="Test" time="0.039" errors="0" timestamp="2021-08-27T09:33:56 IST">
  <testcase classname="qaclickacademy.SeleniumTest" name="BrowserAutomation" time="0.003"/>
  <testcase classname="qaclickacademy.SeleniumTest" name="elementsUI" time="0.0"/>
  <testcase classname="qaclickacademy.RestAPITest" name="deleteTwitter" time="0.0"/>
  <testcase classname="qaclickacademy.RestAPITest" name="postjira" time="0.0"/>
</testsuite> <!-- Test -->
