<?xml version="1.0" encoding="UTF-8"?>
<testng-results ignored="0" total="4" passed="4" failed="0" skipped="0">
  <reporter-output>
  </reporter-output>
  <suite started-at="2021-08-27T09:33:56 IST" name="Suite" finished-at="2021-08-27T09:33:56 IST" duration-ms="39">
    <groups>
    </groups>
    <test started-at="2021-08-27T09:33:56 IST" name="Test" finished-at="2021-08-27T09:33:56 IST" duration-ms="39">
      <class name="qaclickacademy.RestAPITest">
        <test-method signature="deleteTwitter()[pri:0, instance:qaclickacademy.RestAPITest@1ed1993a]" started-at="2021-08-27T09:33:56 IST" name="deleteTwitter" finished-at="2021-08-27T09:33:56 IST" duration-ms="0" status="PASS">
          <reporter-output>
          </reporter-output>
        </test-method> <!-- deleteTwitter -->
        <test-method signature="postjira()[pri:0, instance:qaclickacademy.RestAPITest@1ed1993a]" started-at="2021-08-27T09:33:56 IST" name="postjira" finished-at="2021-08-27T09:33:56 IST" duration-ms="0" status="PASS">
          <reporter-output>
          </reporter-output>
        </test-method> <!-- postjira -->
      </class> <!-- qaclickacademy.RestAPITest -->
      <class name="qaclickacademy.SeleniumTest">
        <test-method signature="BrowserAutomation()[pri:0, instance:qaclickacademy.SeleniumTest@51e5fc98]" started-at="2021-08-27T09:33:56 IST" name="BrowserAutomation" finished-at="2021-08-27T09:33:56 IST" duration-ms="3" status="PASS">
          <reporter-output>
          </reporter-output>
        </test-method> <!-- BrowserAutomation -->
        <test-method signature="elementsUI()[pri:0, instance:qaclickacademy.SeleniumTest@51e5fc98]" started-at="2021-08-27T09:33:56 IST" name="elementsUI" finished-at="2021-08-27T09:33:56 IST" duration-ms="0" status="PASS">
          <reporter-output>
          </reporter-output>
        </test-method> <!-- elementsUI -->
      </class> <!-- qaclickacademy.SeleniumTest -->
    </test> <!-- Test -->
  </suite> <!-- Suite -->
</testng-results>
